0 info it worked if it ends with ok
1 verbose cli [ 'C:\\Program Files\\nodejs\\node.exe',
1 verbose cli   'C:\\Program Files\\nodejs\\node_modules\\npm\\bin\\npm-cli.js',
1 verbose cli   'run',
1 verbose cli   'package' ]
2 info using npm@3.10.10
3 info using node@v6.11.4
4 verbose run-script [ 'prepackage', 'package', 'postpackage' ]
5 info lifecycle electron-hello@1.0.0~prepackage: electron-hello@1.0.0
6 silly lifecycle electron-hello@1.0.0~prepackage: no script for prepackage, continuing
7 info lifecycle electron-hello@1.0.0~package: electron-hello@1.0.0
8 verbose lifecycle electron-hello@1.0.0~package: unsafe-perm in lifecycle true
9 verbose lifecycle electron-hello@1.0.0~package: PATH: C:\Program Files\nodejs\node_modules\npm\bin\node-gyp-bin;C:\Users\GEN Technology\Desktop\Code\Electron\electron-hello\node_modules\.bin;C:\Program Files\ConEmu\ConEmu\Scripts;C:\Program Files\ConEmu;C:\Program Files\ConEmu\ConEmu;C:\Program Files (x86)\Intel\iCLS Client\;C:\Program Files\Intel\iCLS Client\;C:\WINDOWS\system32;C:\WINDOWS;C:\WINDOWS\System32\Wbem;C:\WINDOWS\System32\WindowsPowerShell\v1.0\;C:\Program Files (x86)\Intel\Intel(R) Management Engine Components\DAL;C:\Program Files\Intel\Intel(R) Management Engine Components\DAL;C:\Program Files (x86)\Intel\Intel(R) Management Engine Components\IPT;C:\Program Files\Intel\Intel(R) Management Engine Components\IPT;C:\Program Files\Git\cmd;C:\Program Files\nodejs\;C:\Program Files\Sublime Text 3;C:\Program Files\PostgreSQL\10\bin;C:\Program Files (x86)\Skype\Phone\;C:\ProgramData\chocolatey\bin;C:\Program Files\Redis\;C:\Program Files\Intel\WiFi\bin\;C:\Program Files\Common Files\Intel\WirelessCommon\;C:\Users\GEN Technology\AppData\Local\Programs\Python\Python36\Scripts\;C:\Users\GEN Technology\AppData\Local\Programs\Python\Python36\;C:\Program Files\Microsoft VS Code\bin;C:\Users\GEN Technology\AppData\Roaming\npm;%USERPROFILE%\AppData\Local\Microsoft\WindowsApps;
10 verbose lifecycle electron-hello@1.0.0~package: CWD: C:\Users\GEN Technology\Desktop\Code\Electron\electron-hello
11 silly lifecycle electron-hello@1.0.0~package: Args: [ '/d /s /c', 'build' ]
12 silly lifecycle electron-hello@1.0.0~package: Returned: code: 4294967295  signal: null
13 info lifecycle electron-hello@1.0.0~package: Failed to exec package script
14 verbose stack Error: electron-hello@1.0.0 package: `build`
14 verbose stack Exit status 4294967295
14 verbose stack     at EventEmitter.<anonymous> (C:\Program Files\nodejs\node_modules\npm\lib\utils\lifecycle.js:255:16)
14 verbose stack     at emitTwo (events.js:106:13)
14 verbose stack     at EventEmitter.emit (events.js:191:7)
14 verbose stack     at ChildProcess.<anonymous> (C:\Program Files\nodejs\node_modules\npm\lib\utils\spawn.js:40:14)
14 verbose stack     at emitTwo (events.js:106:13)
14 verbose stack     at ChildProcess.emit (events.js:191:7)
14 verbose stack     at maybeClose (internal/child_process.js:920:16)
14 verbose stack     at Process.ChildProcess._handle.onexit (internal/child_process.js:230:5)
15 verbose pkgid electron-hello@1.0.0
16 verbose cwd C:\Users\GEN Technology\Desktop\Code\Electron\electron-hello
17 error Windows_NT 10.0.16299
18 error argv "C:\\Program Files\\nodejs\\node.exe" "C:\\Program Files\\nodejs\\node_modules\\npm\\bin\\npm-cli.js" "run" "package"
19 error node v6.11.4
20 error npm  v3.10.10
21 error code ELIFECYCLE
22 error electron-hello@1.0.0 package: `build`
22 error Exit status 4294967295
23 error Failed at the electron-hello@1.0.0 package script 'build'.
23 error Make sure you have the latest version of node.js and npm installed.
23 error If you do, this is most likely a problem with the electron-hello package,
23 error not with npm itself.
23 error Tell the author that this fails on your system:
23 error     build
23 error You can get information on how to open an issue for this project with:
23 error     npm bugs electron-hello
23 error Or if that isn't available, you can get their info via:
23 error     npm owner ls electron-hello
23 error There is likely additional logging output above.
24 verbose exit [ 1, true ]
